{
  "stats": {
    "suites": 0,
    "tests": 2,
    "passes": 2,
    "pending": 0,
    "failures": 0,
    "start": "2023-10-29T15:20:07.639Z",
    "end": "2023-10-29T15:20:15.641Z",
    "duration": 8002,
    "testsRegistered": 2,
    "passPercent": 100,
    "pendingPercent": 0,
    "other": 0,
    "hasOther": false,
    "skipped": 0,
    "hasSkipped": false
  },
  "results": [
    {
      "uuid": "9d05860b-ac0d-4160-b7c4-9f64a54cd2fa",
      "title": "",
      "fullFile": "cypress/integration/input_Information.ts",
      "file": "cypress/integration/input_Information.ts",
      "beforeHooks": [],
      "afterHooks": [],
      "tests": [
        {
          "title": "Test (Positive) Checkout",
          "fullTitle": "Test (Positive) Checkout",
          "timedOut": null,
          "duration": 4739,
          "state": "passed",
          "speed": "fast",
          "pass": true,
          "fail": false,
          "pending": false,
          "context": null,
          "code": "loginPage.login(URL, 'standard_user', 'secret_sauce');\nloginPage.assertLogin();\ndashboardPage.sauceLabsJacket();\ndashboardPage.addTOcart();\ncheckoutPage.moveToCart();\ncheckoutPage.AssertCartPage();\ncheckoutPage.Checkout();\ncheckoutPage.InputFirstName('Jasmine');\ncheckoutPage.InputLastName('Khol');\ncheckoutPage.InputPostalCode('14150');\ncheckoutPage.Continue();\ncheckoutPage.AssertCheckoutOverview();\ncheckoutPage.Finish();\ncheckoutPage.AssertOrderConfirmation();",
          "err": {},
          "uuid": "d8932647-c80b-48cb-b23a-f2f11618e86b",
          "parentUUID": "9d05860b-ac0d-4160-b7c4-9f64a54cd2fa",
          "isHook": false,
          "skipped": false
        },
        {
          "title": "Test (Negative) Checkout",
          "fullTitle": "Test (Negative) Checkout",
          "timedOut": null,
          "duration": 1567,
          "state": "passed",
          "speed": "fast",
          "pass": true,
          "fail": false,
          "pending": false,
          "context": null,
          "code": "loginPage.login(URL, 'standard_user', 'secret_sauce');\nloginPage.assertLogin();\ndashboardPage.sauceLabsJacket();\ndashboardPage.addTOcart();\ncheckoutPage.moveToCart();\ncheckoutPage.AssertCartPage();\ncheckoutPage.Checkout();\ncheckoutPage.Continue();\ncheckoutPage.assertInputInformationFail();",
          "err": {},
          "uuid": "aa1973de-b798-440c-a095-89a8c04820bd",
          "parentUUID": "9d05860b-ac0d-4160-b7c4-9f64a54cd2fa",
          "isHook": false,
          "skipped": false
        }
      ],
      "suites": [],
      "passes": [
        "d8932647-c80b-48cb-b23a-f2f11618e86b",
        "aa1973de-b798-440c-a095-89a8c04820bd"
      ],
      "failures": [],
      "pending": [],
      "skipped": [],
      "duration": 6306,
      "root": true,
      "rootEmpty": false,
      "_timeout": 2000
    }
  ],
  "meta": {
    "mocha": {
      "version": "7.0.1"
    },
    "mochawesome": {
      "options": {
        "quiet": false,
        "reportFilename": "mochawesome",
        "saveHtml": false,
        "saveJson": true,
        "consoleReporter": "spec",
        "useInlineDiffs": false,
        "code": true
      },
      "version": "7.1.3"
    },
    "marge": {
      "options": {
        "chart": true,
        "overwrite": false,
        "html": false,
        "json": true,
        "reportDir": "cypress/reports"
      },
      "version": "6.2.0"
    }
  }
}