{
  "stats": {
    "suites": 0,
    "tests": 3,
    "passes": 2,
    "pending": 0,
    "failures": 1,
    "start": "2023-10-29T14:40:13.238Z",
    "end": "2023-10-29T14:40:21.982Z",
    "duration": 8744,
    "testsRegistered": 3,
    "passPercent": 66.66666666666666,
    "pendingPercent": 0,
    "other": 0,
    "hasOther": false,
    "skipped": 0,
    "hasSkipped": false
  },
  "results": [
    {
      "uuid": "8cf71e51-040a-449c-b497-4547ed50c9b7",
      "title": "",
      "fullFile": "cypress/integration/login.ts",
      "file": "cypress/integration/login.ts",
      "beforeHooks": [],
      "afterHooks": [],
      "tests": [
        {
          "title": "Test LOGIN",
          "fullTitle": "Test LOGIN",
          "timedOut": null,
          "duration": 1641,
          "state": "passed",
          "speed": "fast",
          "pass": true,
          "fail": false,
          "pending": false,
          "context": null,
          "code": "loginPage.login(URL, 'standard_user', 'secret_sauce');\nloginPage.assertLogin();",
          "err": {},
          "uuid": "97b6eac7-0132-41fb-a54d-4183555bc8c1",
          "parentUUID": "8cf71e51-040a-449c-b497-4547ed50c9b7",
          "isHook": false,
          "skipped": false
        },
        {
          "title": "Test Sauce Demo Invalid Password",
          "fullTitle": "Test Sauce Demo Invalid Password",
          "timedOut": null,
          "duration": 854,
          "state": "passed",
          "speed": "fast",
          "pass": true,
          "fail": false,
          "pending": false,
          "context": null,
          "code": "loginPage.login(URL, 'standard_user', 'invalidPass');\nloginPage.assertLoginFail();",
          "err": {},
          "uuid": "dfa26d72-4283-43bc-9de8-726c7503b26d",
          "parentUUID": "8cf71e51-040a-449c-b497-4547ed50c9b7",
          "isHook": false,
          "skipped": false
        },
        {
          "title": "Test Sauce Demo Sauce labs product Jacket",
          "fullTitle": "Test Sauce Demo Sauce labs product Jacket",
          "timedOut": null,
          "duration": 5075,
          "state": "failed",
          "speed": null,
          "pass": false,
          "fail": true,
          "pending": false,
          "context": null,
          "code": "loginPage.login(URL, 'standard_user', 'secret_sauce');\nloginPage.assertLogin();\ndashboardPage.sauceLabsJacket();",
          "err": {
            "message": "AssertionError: Timed out retrying after 4000ms: Expected to find content: 'Sauce Labs Jacket' but never did.",
            "estack": "AssertionError: Timed out retrying after 4000ms: Expected to find content: 'Sauce Labs Jacket' but never did.\n    at DashboardPage.sauceLabsJacket (https://www.saucedemo.com/__cypress/tests?p=cypress\\integration\\login.ts:140:42)\n    at Context.eval (https://www.saucedemo.com/__cypress/tests?p=cypress\\integration\\login.ts:115:19)",
            "diff": null
          },
          "uuid": "d6535689-f4d5-48f4-891c-f10036c06d71",
          "parentUUID": "8cf71e51-040a-449c-b497-4547ed50c9b7",
          "isHook": false,
          "skipped": false
        }
      ],
      "suites": [],
      "passes": [
        "97b6eac7-0132-41fb-a54d-4183555bc8c1",
        "dfa26d72-4283-43bc-9de8-726c7503b26d"
      ],
      "failures": [
        "d6535689-f4d5-48f4-891c-f10036c06d71"
      ],
      "pending": [],
      "skipped": [],
      "duration": 7570,
      "root": true,
      "rootEmpty": false,
      "_timeout": 2000
    }
  ],
  "meta": {
    "mocha": {
      "version": "7.0.1"
    },
    "mochawesome": {
      "options": {
        "quiet": false,
        "reportFilename": "mochawesome",
        "saveHtml": false,
        "saveJson": true,
        "consoleReporter": "spec",
        "useInlineDiffs": false,
        "code": true
      },
      "version": "7.1.3"
    },
    "marge": {
      "options": {
        "chart": true,
        "overwrite": false,
        "html": false,
        "json": true,
        "reportDir": "cypress/reports"
      },
      "version": "6.2.0"
    }
  }
}