{
  "stats": {
    "suites": 0,
    "tests": 2,
    "passes": 0,
    "pending": 0,
    "failures": 2,
    "start": "2023-10-29T14:42:09.914Z",
    "end": "2023-10-29T14:42:23.526Z",
    "duration": 13612,
    "testsRegistered": 2,
    "passPercent": 0,
    "pendingPercent": 0,
    "other": 0,
    "hasOther": false,
    "skipped": 0,
    "hasSkipped": false
  },
  "results": [
    {
      "uuid": "2594f158-53cd-420c-a1c7-e8f44da5f23d",
      "title": "",
      "fullFile": "cypress/integration/input_Information.ts",
      "file": "cypress/integration/input_Information.ts",
      "beforeHooks": [],
      "afterHooks": [],
      "tests": [
        {
          "title": "Test (Positive) Checkout",
          "fullTitle": "Test (Positive) Checkout",
          "timedOut": null,
          "duration": 6422,
          "state": "failed",
          "speed": null,
          "pass": false,
          "fail": true,
          "pending": false,
          "context": null,
          "code": "loginPage.login(URL, 'standard_user', 'secret_sauce');\nloginPage.assertLogin();\ndashboardPage.sauceLabsJacket();\ndashboardPage.addTOcart();\ncheckoutPage.moveToCart();\ncheckoutPage.AssertCartPage();\ncheckoutPage.Checkout();\ncheckoutPage.InputFirstName('Jasmine');\ncheckoutPage.InputLastName('Khol');\ncheckoutPage.InputPostalCode('14150');\ncheckoutPage.Continue();\ncheckoutPage.AssertCheckoutOverview();\ncheckoutPage.Finish();\ncheckoutPage.AssertOrderConfirmation();",
          "err": {
            "message": "AssertionError: Timed out retrying after 4000ms: Expected to find element: `#aadd-to-cart-sauce-labs-fleece-jacket`, but never found it.",
            "estack": "AssertionError: Timed out retrying after 4000ms: Expected to find element: `#aadd-to-cart-sauce-labs-fleece-jacket`, but never found it.\n    at DashboardPage.addTOcart (https://www.saucedemo.com/__cypress/tests?p=cypress\\integration\\input_Information.ts:244:12)\n    at Context.eval (https://www.saucedemo.com/__cypress/tests?p=cypress\\integration\\input_Information.ts:110:19)",
            "diff": null
          },
          "uuid": "aeca58e9-7d2d-4139-a5d5-064889edee21",
          "parentUUID": "2594f158-53cd-420c-a1c7-e8f44da5f23d",
          "isHook": false,
          "skipped": false
        },
        {
          "title": "Test (Negative) Checkout",
          "fullTitle": "Test (Negative) Checkout",
          "timedOut": null,
          "duration": 5606,
          "state": "failed",
          "speed": null,
          "pass": false,
          "fail": true,
          "pending": false,
          "context": null,
          "code": "loginPage.login(URL, 'standard_user', 'secret_sauce');\nloginPage.assertLogin();\ndashboardPage.sauceLabsJacket();\ndashboardPage.addTOcart();\ncheckoutPage.moveToCart();\ncheckoutPage.AssertCartPage();\ncheckoutPage.Checkout();\ncheckoutPage.InputFirstName('');\ncheckoutPage.InputLastName('');\ncheckoutPage.InputPostalCode('');\ncheckoutPage.Continue();\ncheckoutPage.assertInputInformationFail();",
          "err": {
            "message": "AssertionError: Timed out retrying after 4000ms: Expected to find element: `#aadd-to-cart-sauce-labs-fleece-jacket`, but never found it.",
            "estack": "AssertionError: Timed out retrying after 4000ms: Expected to find element: `#aadd-to-cart-sauce-labs-fleece-jacket`, but never found it.\n    at DashboardPage.addTOcart (https://www.saucedemo.com/__cypress/tests?p=cypress\\integration\\input_Information.ts:244:12)\n    at Context.eval (https://www.saucedemo.com/__cypress/tests?p=cypress\\integration\\input_Information.ts:126:19)",
            "diff": null
          },
          "uuid": "c70e8b1f-610d-4c38-a666-0f0266da151e",
          "parentUUID": "2594f158-53cd-420c-a1c7-e8f44da5f23d",
          "isHook": false,
          "skipped": false
        }
      ],
      "suites": [],
      "passes": [],
      "failures": [
        "aeca58e9-7d2d-4139-a5d5-064889edee21",
        "c70e8b1f-610d-4c38-a666-0f0266da151e"
      ],
      "pending": [],
      "skipped": [],
      "duration": 12028,
      "root": true,
      "rootEmpty": false,
      "_timeout": 2000
    }
  ],
  "meta": {
    "mocha": {
      "version": "7.0.1"
    },
    "mochawesome": {
      "options": {
        "quiet": false,
        "reportFilename": "mochawesome",
        "saveHtml": false,
        "saveJson": true,
        "consoleReporter": "spec",
        "useInlineDiffs": false,
        "code": true
      },
      "version": "7.1.3"
    },
    "marge": {
      "options": {
        "chart": true,
        "overwrite": false,
        "html": false,
        "json": true,
        "reportDir": "cypress/reports"
      },
      "version": "6.2.0"
    }
  }
}