{
  "stats": {
    "suites": 0,
    "tests": 3,
    "passes": 3,
    "pending": 0,
    "failures": 0,
    "start": "2023-10-29T15:36:25.612Z",
    "end": "2023-10-29T15:36:29.795Z",
    "duration": 4183,
    "testsRegistered": 3,
    "passPercent": 100,
    "pendingPercent": 0,
    "other": 0,
    "hasOther": false,
    "skipped": 0,
    "hasSkipped": false
  },
  "results": [
    {
      "uuid": "d982b889-ed44-4036-abfe-7e278a03a2c0",
      "title": "",
      "fullFile": "cypress/integration/login.ts",
      "file": "cypress/integration/login.ts",
      "beforeHooks": [],
      "afterHooks": [],
      "tests": [
        {
          "title": "Test LOGIN",
          "fullTitle": "Test LOGIN",
          "timedOut": null,
          "duration": 1434,
          "state": "passed",
          "speed": "fast",
          "pass": true,
          "fail": false,
          "pending": false,
          "context": null,
          "code": "loginPage.login(URL, 'standard_user', 'secret_sauce');\nloginPage.assertLogin();",
          "err": {},
          "uuid": "6bbccef2-827c-4193-9ac6-6c93ba88cadc",
          "parentUUID": "d982b889-ed44-4036-abfe-7e278a03a2c0",
          "isHook": false,
          "skipped": false
        },
        {
          "title": "Test Sauce Demo Invalid Password",
          "fullTitle": "Test Sauce Demo Invalid Password",
          "timedOut": null,
          "duration": 882,
          "state": "passed",
          "speed": "fast",
          "pass": true,
          "fail": false,
          "pending": false,
          "context": null,
          "code": "loginPage.login(URL, 'standard_user', 'invalidPass');\nloginPage.assertLoginFail();",
          "err": {},
          "uuid": "9403fd34-f994-4651-b830-fd67a5e7a36e",
          "parentUUID": "d982b889-ed44-4036-abfe-7e278a03a2c0",
          "isHook": false,
          "skipped": false
        },
        {
          "title": "Test Sauce Demo Sauce labs product Jacket",
          "fullTitle": "Test Sauce Demo Sauce labs product Jacket",
          "timedOut": null,
          "duration": 996,
          "state": "passed",
          "speed": "fast",
          "pass": true,
          "fail": false,
          "pending": false,
          "context": null,
          "code": "loginPage.login(URL, 'standard_user', 'secret_sauce');\nloginPage.assertLogin();\ndashboardPage.sauceLabsJacket();",
          "err": {},
          "uuid": "fb146096-56a3-4ace-b1f8-aa7346b1e86b",
          "parentUUID": "d982b889-ed44-4036-abfe-7e278a03a2c0",
          "isHook": false,
          "skipped": false
        }
      ],
      "suites": [],
      "passes": [
        "6bbccef2-827c-4193-9ac6-6c93ba88cadc",
        "9403fd34-f994-4651-b830-fd67a5e7a36e",
        "fb146096-56a3-4ace-b1f8-aa7346b1e86b"
      ],
      "failures": [],
      "pending": [],
      "skipped": [],
      "duration": 3312,
      "root": true,
      "rootEmpty": false,
      "_timeout": 2000
    }
  ],
  "meta": {
    "mocha": {
      "version": "7.0.1"
    },
    "mochawesome": {
      "options": {
        "quiet": false,
        "reportFilename": "mochawesome",
        "saveHtml": false,
        "saveJson": true,
        "consoleReporter": "spec",
        "useInlineDiffs": false,
        "code": true
      },
      "version": "7.1.3"
    },
    "marge": {
      "options": {
        "chart": true,
        "overwrite": false,
        "html": false,
        "json": true,
        "reportDir": "cypress/reports"
      },
      "version": "6.2.0"
    }
  }
}