{
  "stats": {
    "suites": 0,
    "tests": 3,
    "passes": 3,
    "pending": 0,
    "failures": 0,
    "start": "2023-10-29T14:43:28.764Z",
    "end": "2023-10-29T14:43:32.637Z",
    "duration": 3873,
    "testsRegistered": 3,
    "passPercent": 100,
    "pendingPercent": 0,
    "other": 0,
    "hasOther": false,
    "skipped": 0,
    "hasSkipped": false
  },
  "results": [
    {
      "uuid": "0072d7ad-4b3a-4c12-a04f-feaf15d665a9",
      "title": "",
      "fullFile": "cypress/integration/login.ts",
      "file": "cypress/integration/login.ts",
      "beforeHooks": [],
      "afterHooks": [],
      "tests": [
        {
          "title": "Test LOGIN",
          "fullTitle": "Test LOGIN",
          "timedOut": null,
          "duration": 1332,
          "state": "passed",
          "speed": "fast",
          "pass": true,
          "fail": false,
          "pending": false,
          "context": null,
          "code": "loginPage.login(URL, 'standard_user', 'secret_sauce');\nloginPage.assertLogin();",
          "err": {},
          "uuid": "810bf63d-7b1e-476a-b068-b492d6904688",
          "parentUUID": "0072d7ad-4b3a-4c12-a04f-feaf15d665a9",
          "isHook": false,
          "skipped": false
        },
        {
          "title": "Test Sauce Demo Invalid Password",
          "fullTitle": "Test Sauce Demo Invalid Password",
          "timedOut": null,
          "duration": 826,
          "state": "passed",
          "speed": "fast",
          "pass": true,
          "fail": false,
          "pending": false,
          "context": null,
          "code": "loginPage.login(URL, 'standard_user', 'invalidPass');\nloginPage.assertLoginFail();",
          "err": {},
          "uuid": "b3ddea8e-96db-45e2-b7f1-ce9426e35b5b",
          "parentUUID": "0072d7ad-4b3a-4c12-a04f-feaf15d665a9",
          "isHook": false,
          "skipped": false
        },
        {
          "title": "Test Sauce Demo Sauce labs product Jacket",
          "fullTitle": "Test Sauce Demo Sauce labs product Jacket",
          "timedOut": null,
          "duration": 921,
          "state": "passed",
          "speed": "fast",
          "pass": true,
          "fail": false,
          "pending": false,
          "context": null,
          "code": "loginPage.login(URL, 'standard_user', 'secret_sauce');\nloginPage.assertLogin();\ndashboardPage.sauceLabsJacket();",
          "err": {},
          "uuid": "3ad980d5-3bf1-4396-b3e7-d2843052641a",
          "parentUUID": "0072d7ad-4b3a-4c12-a04f-feaf15d665a9",
          "isHook": false,
          "skipped": false
        }
      ],
      "suites": [],
      "passes": [
        "810bf63d-7b1e-476a-b068-b492d6904688",
        "b3ddea8e-96db-45e2-b7f1-ce9426e35b5b",
        "3ad980d5-3bf1-4396-b3e7-d2843052641a"
      ],
      "failures": [],
      "pending": [],
      "skipped": [],
      "duration": 3079,
      "root": true,
      "rootEmpty": false,
      "_timeout": 2000
    }
  ],
  "meta": {
    "mocha": {
      "version": "7.0.1"
    },
    "mochawesome": {
      "options": {
        "quiet": false,
        "reportFilename": "mochawesome",
        "saveHtml": false,
        "saveJson": true,
        "consoleReporter": "spec",
        "useInlineDiffs": false,
        "code": true
      },
      "version": "7.1.3"
    },
    "marge": {
      "options": {
        "chart": true,
        "overwrite": false,
        "html": false,
        "json": true,
        "reportDir": "cypress/reports"
      },
      "version": "6.2.0"
    }
  }
}