{
  "stats": {
    "suites": 0,
    "tests": 3,
    "passes": 3,
    "pending": 0,
    "failures": 0,
    "start": "2023-10-29T14:42:26.628Z",
    "end": "2023-10-29T14:42:31.001Z",
    "duration": 4373,
    "testsRegistered": 3,
    "passPercent": 100,
    "pendingPercent": 0,
    "other": 0,
    "hasOther": false,
    "skipped": 0,
    "hasSkipped": false
  },
  "results": [
    {
      "uuid": "738edc98-01bc-4602-887f-d80b76c1a48f",
      "title": "",
      "fullFile": "cypress/integration/login.ts",
      "file": "cypress/integration/login.ts",
      "beforeHooks": [],
      "afterHooks": [],
      "tests": [
        {
          "title": "Test LOGIN",
          "fullTitle": "Test LOGIN",
          "timedOut": null,
          "duration": 1467,
          "state": "passed",
          "speed": "fast",
          "pass": true,
          "fail": false,
          "pending": false,
          "context": null,
          "code": "loginPage.login(URL, 'standard_user', 'secret_sauce');\nloginPage.assertLogin();",
          "err": {},
          "uuid": "3bda039f-71a1-42c2-81f2-5125ff61bd96",
          "parentUUID": "738edc98-01bc-4602-887f-d80b76c1a48f",
          "isHook": false,
          "skipped": false
        },
        {
          "title": "Test Sauce Demo Invalid Password",
          "fullTitle": "Test Sauce Demo Invalid Password",
          "timedOut": null,
          "duration": 842,
          "state": "passed",
          "speed": "fast",
          "pass": true,
          "fail": false,
          "pending": false,
          "context": null,
          "code": "loginPage.login(URL, 'standard_user', 'invalidPass');\nloginPage.assertLoginFail();",
          "err": {},
          "uuid": "9014334d-a214-45d7-bcff-810a259a3519",
          "parentUUID": "738edc98-01bc-4602-887f-d80b76c1a48f",
          "isHook": false,
          "skipped": false
        },
        {
          "title": "Test Sauce Demo Sauce labs product Jacket",
          "fullTitle": "Test Sauce Demo Sauce labs product Jacket",
          "timedOut": null,
          "duration": 971,
          "state": "passed",
          "speed": "fast",
          "pass": true,
          "fail": false,
          "pending": false,
          "context": null,
          "code": "loginPage.login(URL, 'standard_user', 'secret_sauce');\nloginPage.assertLogin();\ndashboardPage.sauceLabsJacket();",
          "err": {},
          "uuid": "b159adb7-20a5-419c-a242-09ae188d1471",
          "parentUUID": "738edc98-01bc-4602-887f-d80b76c1a48f",
          "isHook": false,
          "skipped": false
        }
      ],
      "suites": [],
      "passes": [
        "3bda039f-71a1-42c2-81f2-5125ff61bd96",
        "9014334d-a214-45d7-bcff-810a259a3519",
        "b159adb7-20a5-419c-a242-09ae188d1471"
      ],
      "failures": [],
      "pending": [],
      "skipped": [],
      "duration": 3280,
      "root": true,
      "rootEmpty": false,
      "_timeout": 2000
    }
  ],
  "meta": {
    "mocha": {
      "version": "7.0.1"
    },
    "mochawesome": {
      "options": {
        "quiet": false,
        "reportFilename": "mochawesome",
        "saveHtml": false,
        "saveJson": true,
        "consoleReporter": "spec",
        "useInlineDiffs": false,
        "code": true
      },
      "version": "7.1.3"
    },
    "marge": {
      "options": {
        "chart": true,
        "overwrite": false,
        "html": false,
        "json": true,
        "reportDir": "cypress/reports"
      },
      "version": "6.2.0"
    }
  }
}