{
  "stats": {
    "suites": 0,
    "tests": 3,
    "passes": 3,
    "pending": 0,
    "failures": 0,
    "start": "2023-10-29T14:54:59.012Z",
    "end": "2023-10-29T14:55:02.819Z",
    "duration": 3807,
    "testsRegistered": 3,
    "passPercent": 100,
    "pendingPercent": 0,
    "other": 0,
    "hasOther": false,
    "skipped": 0,
    "hasSkipped": false
  },
  "results": [
    {
      "uuid": "c7127e87-c80e-41d9-b85e-700d3f4de9ff",
      "title": "",
      "fullFile": "cypress/integration/login.ts",
      "file": "cypress/integration/login.ts",
      "beforeHooks": [],
      "afterHooks": [],
      "tests": [
        {
          "title": "Test LOGIN",
          "fullTitle": "Test LOGIN",
          "timedOut": null,
          "duration": 1274,
          "state": "passed",
          "speed": "fast",
          "pass": true,
          "fail": false,
          "pending": false,
          "context": null,
          "code": "loginPage.login(URL, 'standard_user', 'secret_sauce');\nloginPage.assertLogin();",
          "err": {},
          "uuid": "da683a44-dc30-4003-96e2-6c4745d9c196",
          "parentUUID": "c7127e87-c80e-41d9-b85e-700d3f4de9ff",
          "isHook": false,
          "skipped": false
        },
        {
          "title": "Test Sauce Demo Invalid Password",
          "fullTitle": "Test Sauce Demo Invalid Password",
          "timedOut": null,
          "duration": 820,
          "state": "passed",
          "speed": "fast",
          "pass": true,
          "fail": false,
          "pending": false,
          "context": null,
          "code": "loginPage.login(URL, 'standard_user', 'invalidPass');\nloginPage.assertLoginFail();",
          "err": {},
          "uuid": "88a34a07-b836-45f9-bf5b-6208ce2a443e",
          "parentUUID": "c7127e87-c80e-41d9-b85e-700d3f4de9ff",
          "isHook": false,
          "skipped": false
        },
        {
          "title": "Test Sauce Demo Sauce labs product Jacket",
          "fullTitle": "Test Sauce Demo Sauce labs product Jacket",
          "timedOut": null,
          "duration": 950,
          "state": "passed",
          "speed": "fast",
          "pass": true,
          "fail": false,
          "pending": false,
          "context": null,
          "code": "loginPage.login(URL, 'standard_user', 'secret_sauce');\nloginPage.assertLogin();\ndashboardPage.sauceLabsJacket();",
          "err": {},
          "uuid": "75268b29-638e-4e91-a86f-b52942b315d0",
          "parentUUID": "c7127e87-c80e-41d9-b85e-700d3f4de9ff",
          "isHook": false,
          "skipped": false
        }
      ],
      "suites": [],
      "passes": [
        "da683a44-dc30-4003-96e2-6c4745d9c196",
        "88a34a07-b836-45f9-bf5b-6208ce2a443e",
        "75268b29-638e-4e91-a86f-b52942b315d0"
      ],
      "failures": [],
      "pending": [],
      "skipped": [],
      "duration": 3044,
      "root": true,
      "rootEmpty": false,
      "_timeout": 2000
    }
  ],
  "meta": {
    "mocha": {
      "version": "7.0.1"
    },
    "mochawesome": {
      "options": {
        "quiet": false,
        "reportFilename": "mochawesome",
        "saveHtml": false,
        "saveJson": true,
        "consoleReporter": "spec",
        "useInlineDiffs": false,
        "code": true
      },
      "version": "7.1.3"
    },
    "marge": {
      "options": {
        "chart": true,
        "overwrite": false,
        "html": false,
        "json": true,
        "reportDir": "cypress/reports"
      },
      "version": "6.2.0"
    }
  }
}