{
  "stats": {
    "suites": 0,
    "tests": 2,
    "passes": 2,
    "pending": 0,
    "failures": 0,
    "start": "2023-10-29T14:54:48.452Z",
    "end": "2023-10-29T14:54:56.240Z",
    "duration": 7788,
    "testsRegistered": 2,
    "passPercent": 100,
    "pendingPercent": 0,
    "other": 0,
    "hasOther": false,
    "skipped": 0,
    "hasSkipped": false
  },
  "results": [
    {
      "uuid": "cbb1af4b-88f9-47d0-8f91-69ab13bd79f5",
      "title": "",
      "fullFile": "cypress/integration/input_Information.ts",
      "file": "cypress/integration/input_Information.ts",
      "beforeHooks": [],
      "afterHooks": [],
      "tests": [
        {
          "title": "Test (Positive) Checkout",
          "fullTitle": "Test (Positive) Checkout",
          "timedOut": null,
          "duration": 4505,
          "state": "passed",
          "speed": "fast",
          "pass": true,
          "fail": false,
          "pending": false,
          "context": null,
          "code": "loginPage.login(URL, 'standard_user', 'secret_sauce');\nloginPage.assertLogin();\ndashboardPage.sauceLabsJacket();\ndashboardPage.addTOcart();\ncheckoutPage.moveToCart();\ncheckoutPage.AssertCartPage();\ncheckoutPage.Checkout();\ncheckoutPage.InputFirstName('Jasmine');\ncheckoutPage.InputLastName('Khol');\ncheckoutPage.InputPostalCode('14150');\ncheckoutPage.Continue();\ncheckoutPage.AssertCheckoutOverview();\ncheckoutPage.Finish();\ncheckoutPage.AssertOrderConfirmation();",
          "err": {},
          "uuid": "3a7a8c10-157d-460c-9918-79b961721e7d",
          "parentUUID": "cbb1af4b-88f9-47d0-8f91-69ab13bd79f5",
          "isHook": false,
          "skipped": false
        },
        {
          "title": "Test (Negative) Checkout",
          "fullTitle": "Test (Negative) Checkout",
          "timedOut": null,
          "duration": 1723,
          "state": "passed",
          "speed": "fast",
          "pass": true,
          "fail": false,
          "pending": false,
          "context": null,
          "code": "loginPage.login(URL, 'standard_user', 'secret_sauce');\nloginPage.assertLogin();\ndashboardPage.sauceLabsJacket();\ndashboardPage.addTOcart();\ncheckoutPage.moveToCart();\ncheckoutPage.AssertCartPage();\ncheckoutPage.Checkout();\ncheckoutPage.Continue();\ncheckoutPage.assertInputInformationFail();",
          "err": {},
          "uuid": "ae46365c-d2bc-4fee-abc5-c8bb63148bfc",
          "parentUUID": "cbb1af4b-88f9-47d0-8f91-69ab13bd79f5",
          "isHook": false,
          "skipped": false
        }
      ],
      "suites": [],
      "passes": [
        "3a7a8c10-157d-460c-9918-79b961721e7d",
        "ae46365c-d2bc-4fee-abc5-c8bb63148bfc"
      ],
      "failures": [],
      "pending": [],
      "skipped": [],
      "duration": 6228,
      "root": true,
      "rootEmpty": false,
      "_timeout": 2000
    }
  ],
  "meta": {
    "mocha": {
      "version": "7.0.1"
    },
    "mochawesome": {
      "options": {
        "quiet": false,
        "reportFilename": "mochawesome",
        "saveHtml": false,
        "saveJson": true,
        "consoleReporter": "spec",
        "useInlineDiffs": false,
        "code": true
      },
      "version": "7.1.3"
    },
    "marge": {
      "options": {
        "chart": true,
        "overwrite": false,
        "html": false,
        "json": true,
        "reportDir": "cypress/reports"
      },
      "version": "6.2.0"
    }
  }
}