{
  "stats": {
    "suites": 0,
    "tests": 2,
    "passes": 0,
    "pending": 0,
    "failures": 2,
    "start": "2023-10-29T14:39:55.524Z",
    "end": "2023-10-29T14:40:10.016Z",
    "duration": 14492,
    "testsRegistered": 2,
    "passPercent": 0,
    "pendingPercent": 0,
    "other": 0,
    "hasOther": false,
    "skipped": 0,
    "hasSkipped": false
  },
  "results": [
    {
      "uuid": "79cf9f2e-7d6d-4ac9-aae6-5c34eefdf389",
      "title": "",
      "fullFile": "cypress/integration/input_Information.ts",
      "file": "cypress/integration/input_Information.ts",
      "beforeHooks": [],
      "afterHooks": [],
      "tests": [
        {
          "title": "Test (Positive) Checkout",
          "fullTitle": "Test (Positive) Checkout",
          "timedOut": null,
          "duration": 6547,
          "state": "failed",
          "speed": null,
          "pass": false,
          "fail": true,
          "pending": false,
          "context": null,
          "code": "loginPage.login(URL, 'standard_user', 'secret_sauce');\nloginPage.assertLogin();\ndashboardPage.sauceLabsJacket();\ndashboardPage.addTOcart();\ncheckoutPage.moveToCart();\ncheckoutPage.AssertCartPage();\ncheckoutPage.Checkout();\ncheckoutPage.InputFirstName('Jasmine');\ncheckoutPage.InputLastName('Khol');\ncheckoutPage.InputPostalCode('14150');\ncheckoutPage.Continue();\ncheckoutPage.AssertCheckoutOverview();\ncheckoutPage.Finish();\ncheckoutPage.AssertOrderConfirmation();",
          "err": {
            "message": "AssertionError: Timed out retrying after 4000ms: Expected to find content: 'Sauce Labs Jacket' but never did.",
            "estack": "AssertionError: Timed out retrying after 4000ms: Expected to find content: 'Sauce Labs Jacket' but never did.\n    at DashboardPage.sauceLabsJacket (https://www.saucedemo.com/__cypress/tests?p=cypress\\integration\\input_Information.ts:241:42)\n    at Context.eval (https://www.saucedemo.com/__cypress/tests?p=cypress\\integration\\input_Information.ts:109:19)",
            "diff": null
          },
          "uuid": "908d3913-bbb2-43a6-9250-2627391f616d",
          "parentUUID": "79cf9f2e-7d6d-4ac9-aae6-5c34eefdf389",
          "isHook": false,
          "skipped": false
        },
        {
          "title": "Test (Negative) Checkout",
          "fullTitle": "Test (Negative) Checkout",
          "timedOut": null,
          "duration": 6213,
          "state": "failed",
          "speed": null,
          "pass": false,
          "fail": true,
          "pending": false,
          "context": null,
          "code": "loginPage.login(URL, 'standard_user', 'secret_sauce');\nloginPage.assertLogin();\ndashboardPage.sauceLabsJacket();\ndashboardPage.addTOcart();\ncheckoutPage.moveToCart();\ncheckoutPage.AssertCartPage();\ncheckoutPage.Checkout();\ncheckoutPage.InputFirstName('');\ncheckoutPage.InputLastName('');\ncheckoutPage.InputPostalCode('');\ncheckoutPage.Continue();\ncheckoutPage.assertInputInformationFail();",
          "err": {
            "message": "AssertionError: Timed out retrying after 4000ms: Expected to find content: 'Sauce Labs Jacket' but never did.",
            "estack": "AssertionError: Timed out retrying after 4000ms: Expected to find content: 'Sauce Labs Jacket' but never did.\n    at DashboardPage.sauceLabsJacket (https://www.saucedemo.com/__cypress/tests?p=cypress\\integration\\input_Information.ts:241:42)\n    at Context.eval (https://www.saucedemo.com/__cypress/tests?p=cypress\\integration\\input_Information.ts:125:19)",
            "diff": null
          },
          "uuid": "2ca333d2-591b-4807-a648-9e861a5b287c",
          "parentUUID": "79cf9f2e-7d6d-4ac9-aae6-5c34eefdf389",
          "isHook": false,
          "skipped": false
        }
      ],
      "suites": [],
      "passes": [],
      "failures": [
        "908d3913-bbb2-43a6-9250-2627391f616d",
        "2ca333d2-591b-4807-a648-9e861a5b287c"
      ],
      "pending": [],
      "skipped": [],
      "duration": 12760,
      "root": true,
      "rootEmpty": false,
      "_timeout": 2000
    }
  ],
  "meta": {
    "mocha": {
      "version": "7.0.1"
    },
    "mochawesome": {
      "options": {
        "quiet": false,
        "reportFilename": "mochawesome",
        "saveHtml": false,
        "saveJson": true,
        "consoleReporter": "spec",
        "useInlineDiffs": false,
        "code": true
      },
      "version": "7.1.3"
    },
    "marge": {
      "options": {
        "chart": true,
        "overwrite": false,
        "html": false,
        "json": true,
        "reportDir": "cypress/reports"
      },
      "version": "6.2.0"
    }
  }
}